  pch.cpp
  ChildView.cpp
  CMyRaytraceRenderer.cpp
  GrCamera.cpp
  GrObject.cpp
  GrRenderer.cpp
  GrTexture.cpp
  GrTransform.cpp
  OpenGLRenderer.cpp
  OpenGLWnd.cpp
  MainFrm.cpp
  Project1.cpp
  Generating Code...
ChildView.obj : error LNK2019: unresolved external symbol "__declspec(dllimport) public: __cdecl CRayIntersection::CRayIntersection(void)" (__imp_??0CRayIntersection@@QEAA@XZ) referenced in function "public: __cdecl CMyRaytraceRenderer::CMyRaytraceRenderer(void)" (??0CMyRaytraceRenderer@@QEAA@XZ)
ChildView.obj : error LNK2019: unresolved external symbol "__declspec(dllimport) public: virtual __cdecl CRayIntersection::~CRayIntersection(void)" (__imp_??1CRayIntersection@@UEAA@XZ) referenced in function "int `public: __cdecl CMyRaytraceRenderer::CMyRaytraceRenderer(void)'::`1'::dtor$1" (?dtor$1@?0???0CMyRaytraceRenderer@@QEAA@XZ@4HA)
CMyRaytraceRenderer.obj : error LNK2019: unresolved external symbol "__declspec(dllimport) public: void __cdecl CRayIntersection::Initialize(void)" (__imp_?Initialize@CRayIntersection@@QEAAXXZ) referenced in function "public: virtual bool __cdecl CMyRaytraceRenderer::RendererStart(void)" (?RendererStart@CMyRaytraceRenderer@@UEAA_NXZ)
CMyRaytraceRenderer.obj : error LNK2019: unresolved external symbol "__declspec(dllimport) public: void __cdecl CRayIntersection::LoadingComplete(void)" (__imp_?LoadingComplete@CRayIntersection@@QEAAXXZ) referenced in function "public: virtual bool __cdecl CMyRaytraceRenderer::RendererEnd(void)" (?RendererEnd@CMyRaytraceRenderer@@UEAA_NXZ)
CMyRaytraceRenderer.obj : error LNK2019: unresolved external symbol "__declspec(dllimport) public: void __cdecl CRayIntersection::PolygonBegin(void)" (__imp_?PolygonBegin@CRayIntersection@@QEAAXXZ) referenced in function "public: virtual void __cdecl CMyRaytraceRenderer::RendererEndPolygon(void)" (?RendererEndPolygon@CMyRaytraceRenderer@@UEAAXXZ)
CMyRaytraceRenderer.obj : error LNK2019: unresolved external symbol "__declspec(dllimport) public: void __cdecl CRayIntersection::PolygonEnd(void)" (__imp_?PolygonEnd@CRayIntersection@@QEAAXXZ) referenced in function "public: virtual void __cdecl CMyRaytraceRenderer::RendererEndPolygon(void)" (?RendererEndPolygon@CMyRaytraceRenderer@@UEAAXXZ)
CMyRaytraceRenderer.obj : error LNK2019: unresolved external symbol "__declspec(dllimport) public: void __cdecl CRayIntersection::Material(class CGrMaterial *)" (__imp_?Material@CRayIntersection@@QEAAXPEAVCGrMaterial@@@Z) referenced in function "public: virtual void __cdecl CMyRaytraceRenderer::RendererEndPolygon(void)" (?RendererEndPolygon@CMyRaytraceRenderer@@UEAAXXZ)
CMyRaytraceRenderer.obj : error LNK2019: unresolved external symbol "__declspec(dllimport) public: void __cdecl CRayIntersection::Vertex(class CGrPoint const &)" (__imp_?Vertex@CRayIntersection@@QEAAXAEBVCGrPoint@@@Z) referenced in function "public: virtual void __cdecl CMyRaytraceRenderer::RendererEndPolygon(void)" (?RendererEndPolygon@CMyRaytraceRenderer@@UEAAXXZ)
CMyRaytraceRenderer.obj : error LNK2019: unresolved external symbol "__declspec(dllimport) public: void __cdecl CRayIntersection::TexVertex(class CGrPoint const &)" (__imp_?TexVertex@CRayIntersection@@QEAAXAEBVCGrPoint@@@Z) referenced in function "public: virtual void __cdecl CMyRaytraceRenderer::RendererEndPolygon(void)" (?RendererEndPolygon@CMyRaytraceRenderer@@UEAAXXZ)
CMyRaytraceRenderer.obj : error LNK2019: unresolved external symbol "__declspec(dllimport) public: void __cdecl CRayIntersection::Normal(class CGrPoint const &)" (__imp_?Normal@CRayIntersection@@QEAAXAEBVCGrPoint@@@Z) referenced in function "public: virtual void __cdecl CMyRaytraceRenderer::RendererEndPolygon(void)" (?RendererEndPolygon@CMyRaytraceRenderer@@UEAAXXZ)
CMyRaytraceRenderer.obj : error LNK2019: unresolved external symbol "__declspec(dllimport) public: void __cdecl CRayIntersection::Texture(class CGrTexture *)" (__imp_?Texture@CRayIntersection@@QEAAXPEAVCGrTexture@@@Z) referenced in function "public: virtual void __cdecl CMyRaytraceRenderer::RendererEndPolygon(void)" (?RendererEndPolygon@CMyRaytraceRenderer@@UEAAXXZ)
CMyRaytraceRenderer.obj : error LNK2019: unresolved external symbol "__declspec(dllimport) public: bool __cdecl CRayIntersection::Intersect(class CRay const &,double,class CRayIntersection::Object const *,class CRayIntersection::Object const * &,double &,class CGrPoint &)" (__imp_?Intersect@CRayIntersection@@QEAA_NAEBVCRay@@NPEBVObject@1@AEAPEBV31@AEANAEAVCGrPoint@@@Z) referenced in function "public: virtual bool __cdecl CMyRaytraceRenderer::RendererEnd(void)" (?RendererEnd@CMyRaytraceRenderer@@UEAA_NXZ)
CMyRaytraceRenderer.obj : error LNK2019: unresolved external symbol "__declspec(dllimport) public: void __cdecl CRayIntersection::IntersectInfo(class CRay const &,class CRayIntersection::Object const *,double,class CGrPoint &,class CGrMaterial * &,class CGrTexture * &,class CGrPoint &)const " (__imp_?IntersectInfo@CRayIntersection@@QEBAXAEBVCRay@@PEBVObject@1@NAEAVCGrPoint@@AEAPEAVCGrMaterial@@AEAPEAVCGrTexture@@2@Z) referenced in function "public: virtual bool __cdecl CMyRaytraceRenderer::RendererEnd(void)" (?RendererEnd@CMyRaytraceRenderer@@UEAA_NXZ)
graphics\libRayIntersection.lib : warning LNK4272: library machine type 'x86' conflicts with target machine type 'x64'
C:\Users\joeyv\source\repos\Project1 (1)\x64\Debug\Project1.exe : fatal error LNK1120: 13 unresolved externals
