c:\users\zaman\documents\ss24\cse472\project1\project1\debug\project1.pch
c:\users\zaman\documents\ss24\cse472\project1\project1\debug\vc143.pdb
c:\users\zaman\documents\ss24\cse472\project1\project1\debug\vc143.idb
c:\users\zaman\documents\ss24\cse472\project1\project1\debug\pch.obj
c:\users\zaman\documents\ss24\cse472\project1\project1\debug\project1.obj
c:\users\zaman\documents\ss24\cse472\project1\project1\debug\mainfrm.obj
c:\users\zaman\documents\ss24\cse472\project1\project1\debug\openglwnd.obj
c:\users\zaman\documents\ss24\cse472\project1\project1\debug\openglrenderer.obj
c:\users\zaman\documents\ss24\cse472\project1\project1\debug\grtransform.obj
c:\users\zaman\documents\ss24\cse472\project1\project1\debug\grtexture.obj
c:\users\zaman\documents\ss24\cse472\project1\project1\debug\grrenderer.obj
c:\users\zaman\documents\ss24\cse472\project1\project1\debug\grobject.obj
c:\users\zaman\documents\ss24\cse472\project1\project1\debug\grcamera.obj
c:\users\zaman\documents\ss24\cse472\project1\project1\debug\cmyraytracerenderer.obj
c:\users\zaman\documents\ss24\cse472\project1\project1\debug\childview.obj
c:\users\zaman\documents\ss24\cse472\project1\debug\project1.exe
c:\users\zaman\documents\ss24\cse472\project1\debug\project1.pdb
c:\users\zaman\documents\ss24\cse472\project1\project1\debug\project1.res
c:\users\zaman\documents\ss24\cse472\project1\project1\debug\project1.ilk
c:\users\zaman\documents\ss24\cse472\project1\project1\debug\project1.tlog\cl.command.1.tlog
c:\users\zaman\documents\ss24\cse472\project1\project1\debug\project1.tlog\cl.items.tlog
c:\users\zaman\documents\ss24\cse472\project1\project1\debug\project1.tlog\cl.read.1.tlog
c:\users\zaman\documents\ss24\cse472\project1\project1\debug\project1.tlog\cl.write.1.tlog
c:\users\zaman\documents\ss24\cse472\project1\project1\debug\project1.tlog\link.command.1.tlog
c:\users\zaman\documents\ss24\cse472\project1\project1\debug\project1.tlog\link.read.1.tlog
c:\users\zaman\documents\ss24\cse472\project1\project1\debug\project1.tlog\link.secondary.1.tlog
c:\users\zaman\documents\ss24\cse472\project1\project1\debug\project1.tlog\link.write.1.tlog
c:\users\zaman\documents\ss24\cse472\project1\project1\debug\project1.tlog\rc.command.1.tlog
c:\users\zaman\documents\ss24\cse472\project1\project1\debug\project1.tlog\rc.read.1.tlog
c:\users\zaman\documents\ss24\cse472\project1\project1\debug\project1.tlog\rc.write.1.tlog
